0 verbose cli C:\Program Files\nodejs\node.exe C:\Users\Madhav Dodiya\AppData\Roaming\npm\node_modules\npm\bin\npm-cli.js
1 info using npm@11.12.0
2 info using node@v24.12.0
0 verbose cli C:\Program Files\nodejs\node.exe C:\Users\Madhav Dodiya\AppData\Roaming\npm\node_modules\npm\bin\npm-cli.js
3 silly config load:file:C:\Users\Madhav Dodiya\AppData\Roaming\npm\node_modules\npm\npmrc
4 silly config load:file:C:\Madhav Dodiya\Expense-management-mern\expense-management-mern\.npmrc
1 info using npm@11.12.0
5 silly config load:file:C:\Users\Madhav Dodiya\.npmrc
2 info using node@v24.12.0
6 silly config load:file:C:\Users\Madhav Dodiya\AppData\Roaming\npm\etc\npmrc
3 silly config load:file:C:\Users\Madhav Dodiya\AppData\Roaming\npm\node_modules\npm\npmrc
4 silly config load:file:C:\Madhav Dodiya\Expense-management-mern\expense-management-mern\.npmrc
7 verbose title npm run server
5 silly config load:file:C:\Users\Madhav Dodiya\.npmrc
6 silly config load:file:C:\Users\Madhav Dodiya\AppData\Roaming\npm\etc\npmrc
8 verbose argv "run" "server"
9 verbose logfile logs-max:10 dir:C:\Madhav Dodiya\Expense-management-mern\expense-management-mern\frontend-npm-cache\_logs\2026-03-27T06_50_09_591Z-
7 verbose title npm run client
8 verbose argv "run" "client"
10 verbose logfile C:\Madhav Dodiya\Expense-management-mern\expense-management-mern\frontend-npm-cache\_logs\2026-03-27T06_50_09_591Z-debug-0.log
9 verbose logfile logs-max:10 dir:C:\Madhav Dodiya\Expense-management-mern\expense-management-mern\frontend-npm-cache\_logs\2026-03-27T06_50_09_591Z-
10 verbose logfile C:\Madhav Dodiya\Expense-management-mern\expense-management-mern\frontend-npm-cache\_logs\2026-03-27T06_50_09_591Z-debug-0.log
11 silly logfile done cleaning log files
11 silly logfile done cleaning log files
