Get country currency error: AxiosError: connect ECONNREFUSED 127.0.0.1:9
    at AxiosError.from (C:\Madhav Dodiya\Expense-management-mern\expense-management-mern\backend\node_modules\axios\dist\node\axios.cjs:905:14)
    at RedirectableRequest.handleRequestError (C:\Madhav Dodiya\Expense-management-mern\expense-management-mern\backend\node_modules\axios\dist\node\axios.cjs:3326:25)
    at RedirectableRequest.emit (node:events:508:28)
    at eventHandlers.<computed> (C:\Madhav Dodiya\Expense-management-mern\expense-management-mern\backend\node_modules\follow-redirects\index.js:49:24)
    at ClientRequest.emit (node:events:508:28)
    at emitErrorEvent (node:_http_client:108:11)
    at Socket.socketErrorListener (node:_http_client:575:5)
    at Socket.emit (node:events:508:28)
    at emitErrorNT (node:internal/streams/destroy:170:8)
    at emitErrorCloseNT (node:internal/streams/destroy:129:3)
    at Axios.request (C:\Madhav Dodiya\Expense-management-mern\expense-management-mern\backend\node_modules\axios\dist\node\axios.cjs:4483:41)
    at process.processTicksAndRejections (node:internal/process/task_queues:103:5)
    at async getCountryCurrency (C:\Madhav Dodiya\Expense-management-mern\expense-management-mern\backend\utils\currencyHelper.js:28:22)
    at async register (C:\Madhav Dodiya\Expense-management-mern\expense-management-mern\backend\controllers\authController.js:41:22) {
  port: 9,
  address: '127.0.0.1',
  syscall: 'connect',
  code: 'ECONNREFUSED',
  errno: -4078,
  config: {
    transitional: {
      silentJSONParsing: true,
      forcedJSONParsing: true,
      clarifyTimeoutError: false
    },
    adapter: [ 'xhr', 'http', 'fetch' ],
    transformRequest: [ [Function: transformRequest] ],
    transformResponse: [ [Function: transformResponse] ],
    timeout: 0,
    xsrfCookieName: 'XSRF-TOKEN',
    xsrfHeaderName: 'X-XSRF-TOKEN',
    maxContentLength: -1,
    maxBodyLength: -1,
    env: { FormData: [Function [FormData]], Blob: [class Blob] },
    validateStatus: [Function: validateStatus],
    headers: Object [AxiosHeaders] {
      Accept: 'application/json, text/plain, */*',
      'Content-Type': undefined,
      'User-Agent': 'axios/1.12.2',
      'Accept-Encoding': 'gzip, compress, deflate, br'
    },
    method: 'get',
    url: 'https://restcountries.com/v3.1/all?fields=name,currencies',
    allowAbsoluteUrls: true,
    data: undefined
  },
  request: <ref *1> Writable {
    _events: {
      close: undefined,
      error: [Function: handleRequestError],
      prefinish: undefined,
      finish: undefined,
      drain: undefined,
      response: [Function: handleResponse],
      socket: [Function: handleRequestSocket]
    },
    _writableState: WritableState {
      highWaterMark: 16384,
      length: 0,
      corked: 0,
      onwrite: [Function: bound onwrite],
      writelen: 0,
      bufferedIndex: 0,
      pendingcb: 0,
      Symbol(kState): 17580812,
      Symbol(kBufferedValue): null
    },
    _maxListeners: undefined,
    _options: {
      maxRedirects: 21,
      maxBodyLength: Infinity,
      protocol: 'http:',
      path: 'https://restcountries.com/v3.1/all?fields=name,currencies',
      method: 'GET',
      headers: [Object: null prototype],
      agents: [Object],
      auth: undefined,
      family: undefined,
      beforeRedirect: [Function: dispatchBeforeRedirect],
      beforeRedirects: [Object],
      hostname: '127.0.0.1',
      port: '9',
      agent: undefined,
      nativeProtocols: [Object],
      pathname: 'https://restcountries.com/v3.1/all',
      search: '?fields=name,currencies'
    },
    _ended: true,
    _ending: true,
    _redirectCount: 0,
    _redirects: [],
    _requestBodyLength: 0,
    _requestBodyBuffers: [],
    _eventsCount: 3,
    _onNativeResponse: [Function (anonymous)],
    _currentRequest: ClientRequest {
      _events: [Object: null prototype],
      _eventsCount: 7,
      _maxListeners: undefined,
      outputData: [],
      outputSize: 0,
      writable: true,
      destroyed: false,
      _last: true,
      chunkedEncoding: false,
      shouldKeepAlive: true,
      maxRequestsOnConnectionReached: false,
      _defaultKeepAlive: true,
      useChunkedEncodingByDefault: false,
      sendDate: false,
      _removedConnection: false,
      _removedContLen: false,
      _removedTE: false,
      strictContentLength: false,
      _contentLength: 0,
      _hasBody: true,
      _trailer: '',
      finished: true,
      _headerSent: true,
      _closed: false,
      _header: 'GET https://restcountries.com/v3.1/all?fields=name,currencies HTTP/1.1\r\n' +
        'Accept: application/json, text/plain, */*\r\n' +
        'User-Agent: axios/1.12.2\r\n' +
        'Accept-Encoding: gzip, compress, deflate, br\r\n' +
        'host: restcountries.com\r\n' +
        'Connection: keep-alive\r\n' +
        '\r\n',
      _keepAliveTimeout: 0,
      _onPendingData: [Function: nop],
      agent: [Agent],
      socketPath: undefined,
      method: 'GET',
      maxHeaderSize: undefined,
      insecureHTTPParser: undefined,
      joinDuplicateHeaders: undefined,
      path: 'https://restcountries.com/v3.1/all?fields=name,currencies',
      _ended: false,
      res: null,
      aborted: false,
      timeoutCb: [Function: emitRequestTimeout],
      upgradeOrConnect: false,
      parser: null,
      maxHeadersCount: null,
      reusedSocket: false,
      host: '127.0.0.1',
      protocol: 'http:',
      _redirectable: [Circular *1],
      Symbol(shapeMode): false,
      Symbol(kCapture): false,
      Symbol(kBytesWritten): 0,
      Symbol(kNeedDrain): false,
      Symbol(corked): 0,
      Symbol(kChunkedBuffer): [],
      Symbol(kChunkedLength): 0,
      Symbol(kSocket): [Socket],
      Symbol(kOutHeaders): [Object: null prototype],
      Symbol(errored): null,
      Symbol(kHighWaterMark): 16384,
      Symbol(kRejectNonStandardBodyWrites): false,
      Symbol(kUniqueHeaders): null
    },
    _currentUrl: 'https://restcountries.com/v3.1/all?fields=name,currencies',
    Symbol(shapeMode): true,
    Symbol(kCapture): false
  },
  [cause]: Error: connect ECONNREFUSED 127.0.0.1:9
      at TCPConnectWrap.afterConnect [as oncomplete] (node:net:1637:16) {
    errno: -4078,
    code: 'ECONNREFUSED',
    syscall: 'connect',
    address: '127.0.0.1',
    port: 9
  }
}
Currency conversion error: AxiosError: connect ECONNREFUSED 127.0.0.1:9
    at AxiosError.from (C:\Madhav Dodiya\Expense-management-mern\expense-management-mern\backend\node_modules\axios\dist\node\axios.cjs:905:14)
    at RedirectableRequest.handleRequestError (C:\Madhav Dodiya\Expense-management-mern\expense-management-mern\backend\node_modules\axios\dist\node\axios.cjs:3326:25)
    at RedirectableRequest.emit (node:events:508:28)
    at eventHandlers.<computed> (C:\Madhav Dodiya\Expense-management-mern\expense-management-mern\backend\node_modules\follow-redirects\index.js:49:24)
    at ClientRequest.emit (node:events:508:28)
    at emitErrorEvent (node:_http_client:108:11)
    at Socket.socketErrorListener (node:_http_client:575:5)
    at Socket.emit (node:events:508:28)
    at emitErrorNT (node:internal/streams/destroy:170:8)
    at emitErrorCloseNT (node:internal/streams/destroy:129:3)
    at Axios.request (C:\Madhav Dodiya\Expense-management-mern\expense-management-mern\backend\node_modules\axios\dist\node\axios.cjs:4483:41)
    at process.processTicksAndRejections (node:internal/process/task_queues:103:5)
    at async convertCurrency (C:\Madhav Dodiya\Expense-management-mern\expense-management-mern\backend\utils\currencyHelper.js:10:22)
    at async createExpense (C:\Madhav Dodiya\Expense-management-mern\expense-management-mern\backend\controllers\expenseController.js:43:25) {
  port: 9,
  address: '127.0.0.1',
  syscall: 'connect',
  code: 'ECONNREFUSED',
  errno: -4078,
  config: {
    transitional: {
      silentJSONParsing: true,
      forcedJSONParsing: true,
      clarifyTimeoutError: false
    },
    adapter: [ 'xhr', 'http', 'fetch' ],
    transformRequest: [ [Function: transformRequest] ],
    transformResponse: [ [Function: transformResponse] ],
    timeout: 0,
    xsrfCookieName: 'XSRF-TOKEN',
    xsrfHeaderName: 'X-XSRF-TOKEN',
    maxContentLength: -1,
    maxBodyLength: -1,
    env: { FormData: [Function [FormData]], Blob: [class Blob] },
    validateStatus: [Function: validateStatus],
    headers: Object [AxiosHeaders] {
      Accept: 'application/json, text/plain, */*',
      'Content-Type': undefined,
      'User-Agent': 'axios/1.12.2',
      'Accept-Encoding': 'gzip, compress, deflate, br'
    },
    method: 'get',
    url: 'https://api.exchangerate-api.com/v4/latest/INR',
    allowAbsoluteUrls: true,
    data: undefined
  },
  request: <ref *1> Writable {
    _events: {
      close: undefined,
      error: [Function: handleRequestError],
      prefinish: undefined,
      finish: undefined,
      drain: undefined,
      response: [Function: handleResponse],
      socket: [Function: handleRequestSocket]
    },
    _writableState: WritableState {
      highWaterMark: 16384,
      length: 0,
      corked: 0,
      onwrite: [Function: bound onwrite],
      writelen: 0,
      bufferedIndex: 0,
      pendingcb: 0,
      Symbol(kState): 17580812,
      Symbol(kBufferedValue): null
    },
    _maxListeners: undefined,
    _options: {
      maxRedirects: 21,
      maxBodyLength: Infinity,
      protocol: 'http:',
      path: 'https://api.exchangerate-api.com/v4/latest/INR',
      method: 'GET',
      headers: [Object: null prototype],
      agents: [Object],
      auth: undefined,
      family: undefined,
      beforeRedirect: [Function: dispatchBeforeRedirect],
      beforeRedirects: [Object],
      hostname: '127.0.0.1',
      port: '9',
      agent: undefined,
      nativeProtocols: [Object],
      pathname: 'https://api.exchangerate-api.com/v4/latest/INR'
    },
    _ended: true,
    _ending: true,
    _redirectCount: 0,
    _redirects: [],
    _requestBodyLength: 0,
    _requestBodyBuffers: [],
    _eventsCount: 3,
    _onNativeResponse: [Function (anonymous)],
    _currentRequest: ClientRequest {
      _events: [Object: null prototype],
      _eventsCount: 7,
      _maxListeners: undefined,
      outputData: [],
      outputSize: 0,
      writable: true,
      destroyed: false,
      _last: true,
      chunkedEncoding: false,
      shouldKeepAlive: true,
      maxRequestsOnConnectionReached: false,
      _defaultKeepAlive: true,
      useChunkedEncodingByDefault: false,
      sendDate: false,
      _removedConnection: false,
      _removedContLen: false,
      _removedTE: false,
      strictContentLength: false,
      _contentLength: 0,
      _hasBody: true,
      _trailer: '',
      finished: true,
      _headerSent: true,
      _closed: false,
      _header: 'GET https://api.exchangerate-api.com/v4/latest/INR HTTP/1.1\r\n' +
        'Accept: application/json, text/plain, */*\r\n' +
        'User-Agent: axios/1.12.2\r\n' +
        'Accept-Encoding: gzip, compress, deflate, br\r\n' +
        'host: api.exchangerate-api.com\r\n' +
        'Connection: keep-alive\r\n' +
        '\r\n',
      _keepAliveTimeout: 0,
      _onPendingData: [Function: nop],
      agent: [Agent],
      socketPath: undefined,
      method: 'GET',
      maxHeaderSize: undefined,
      insecureHTTPParser: undefined,
      joinDuplicateHeaders: undefined,
      path: 'https://api.exchangerate-api.com/v4/latest/INR',
      _ended: false,
      res: null,
      aborted: false,
      timeoutCb: [Function: emitRequestTimeout],
      upgradeOrConnect: false,
      parser: null,
      maxHeadersCount: null,
      reusedSocket: false,
      host: '127.0.0.1',
      protocol: 'http:',
      _redirectable: [Circular *1],
      Symbol(shapeMode): false,
      Symbol(kCapture): false,
      Symbol(kBytesWritten): 0,
      Symbol(kNeedDrain): false,
      Symbol(corked): 0,
      Symbol(kChunkedBuffer): [],
      Symbol(kChunkedLength): 0,
      Symbol(kSocket): [Socket],
      Symbol(kOutHeaders): [Object: null prototype],
      Symbol(errored): null,
      Symbol(kHighWaterMark): 16384,
      Symbol(kRejectNonStandardBodyWrites): false,
      Symbol(kUniqueHeaders): null
    },
    _currentUrl: 'https://api.exchangerate-api.com/v4/latest/INR',
    Symbol(shapeMode): true,
    Symbol(kCapture): false
  },
  [cause]: Error: connect ECONNREFUSED 127.0.0.1:9
      at TCPConnectWrap.afterConnect [as oncomplete] (node:net:1637:16) {
    errno: -4078,
    code: 'ECONNREFUSED',
    syscall: 'connect',
    address: '127.0.0.1',
    port: 9
  }
}
Create expense error: Error: Expense validation failed: recurringPeriod: `null` is not a valid enum value for path `recurringPeriod`.
    at ValidationError.inspect (C:\Madhav Dodiya\Expense-management-mern\expense-management-mern\backend\node_modules\mongoose\lib\error\validation.js:50:26)
    at formatValue (node:internal/util/inspect:897:19)
    at inspect (node:internal/util/inspect:409:10)
    at formatWithOptionsInternal (node:internal/util/inspect:2645:40)
    at formatWithOptions (node:internal/util/inspect:2507:10)
    at console.value (node:internal/console/constructor:377:14)
    at console.error (node:internal/console/constructor:444:61)
    at createExpense (C:\Madhav Dodiya\Expense-management-mern\expense-management-mern\backend\controllers\expenseController.js:105:13)
    at process.processTicksAndRejections (node:internal/process/task_queues:103:5) {
  errors: {
    recurringPeriod: ValidatorError: `null` is not a valid enum value for path `recurringPeriod`.
        at validate (C:\Madhav Dodiya\Expense-management-mern\expense-management-mern\backend\node_modules\mongoose\lib\schematype.js:1365:13)
        at SchemaType.doValidate (C:\Madhav Dodiya\Expense-management-mern\expense-management-mern\backend\node_modules\mongoose\lib\schematype.js:1349:7)
        at C:\Madhav Dodiya\Expense-management-mern\expense-management-mern\backend\node_modules\mongoose\lib\document.js:3004:18
        at process.processTicksAndRejections (node:internal/process/task_queues:84:11) {
      properties: [Object],
      kind: 'enum',
      path: 'recurringPeriod',
      value: null,
      reason: undefined,
      Symbol(mongoose:validatorError): true
    }
  },
  _message: 'Expense validation failed'
}
Error details: Expense validation failed: recurringPeriod: `null` is not a valid enum value for path `recurringPeriod`.
Stack trace: ValidationError: Expense validation failed: recurringPeriod: `null` is not a valid enum value for path `recurringPeriod`.
    at Document.invalidate (C:\Madhav Dodiya\Expense-management-mern\expense-management-mern\backend\node_modules\mongoose\lib\document.js:3219:32)
    at C:\Madhav Dodiya\Expense-management-mern\expense-management-mern\backend\node_modules\mongoose\lib\document.js:3012:17
    at C:\Madhav Dodiya\Expense-management-mern\expense-management-mern\backend\node_modules\mongoose\lib\schematype.js:1368:9
    at process.processTicksAndRejections (node:internal/process/task_queues:84:11)
